This is pdfTeX, Version 3.141592653-2.6-1.40.24 (TeX Live 2022/MacPorts 2022.62882_3) (preloaded format=pdflatex 2023.5.22)  29 JAN 2025 14:39
entering extended mode
 restricted \write18 enabled.
 file:line:error style messages enabled.
 %&-line parsing enabled.
**/Users/guindon/phyml/doc/phyml-manual.tex
(/Users/guindon/phyml/doc/phyml-manual.tex
LaTeX2e <2021-11-15> patch level 1
L3 programming layer <2022-02-24> (/opt/local/share/texmf-texlive/tex/latex/base/article.cls
Document Class: article 2021/10/04 v1.4n Standard LaTeX document class
(/opt/local/share/texmf-texlive/tex/latex/base/size12.clo
File: size12.clo 2021/10/04 v1.4n Standard LaTeX file (size option)
)
\c@part=\count185
\c@section=\count186
\c@subsection=\count187
\c@subsubsection=\count188
\c@paragraph=\count189
\c@subparagraph=\count190
\c@figure=\count191
\c@table=\count192
\abovecaptionskip=\skip47
\belowcaptionskip=\skip48
\bibindent=\dimen138
) (/opt/local/share/texmf-texlive/tex/latex/fancyvrb/fancyvrb.sty
Package: fancyvrb 2021/12/21 4.1b verbatim text (tvz,hv)
 (/opt/local/share/texmf-texlive/tex/latex/graphics/keyval.sty
Package: keyval 2014/10/28 v1.15 key=value parser (DPC)
\KV@toks@=\toks16
)
\FV@CodeLineNo=\count193
\FV@InFile=\read2
\FV@TabBox=\box50
\c@FancyVerbLine=\count194
\FV@StepNumber=\count195
\FV@OutFile=\write3
) (/opt/local/share/texmf-texlive/tex/latex/amsfonts/amsfonts.sty
Package: amsfonts 2013/01/14 v3.01 Basic AMSFonts support
\@emptytoks=\toks17
\symAMSa=\mathgroup4
\symAMSb=\mathgroup5
LaTeX Font Info:    Redeclaring math symbol \hbar on input line 98.
LaTeX Font Info:    Overwriting math alphabet `\mathfrak' in version `bold'
(Font)                  U/euf/m/n --> U/euf/b/n on input line 106.
) (/opt/local/share/texmf-texlive/tex/latex/graphics/graphicx.sty
Package: graphicx 2021/09/16 v1.2d Enhanced LaTeX Graphics (DPC,SPQR)
 (/opt/local/share/texmf-texlive/tex/latex/graphics/graphics.sty
Package: graphics 2021/03/04 v1.4d Standard LaTeX Graphics (DPC,SPQR)
 (/opt/local/share/texmf-texlive/tex/latex/graphics/trig.sty
Package: trig 2021/08/11 v1.11 sin cos tan (DPC)
) (/opt/local/share/texmf-texlive/tex/latex/graphics-cfg/graphics.cfg
File: graphics.cfg 2016/06/04 v1.11 sample graphics configuration
)
Package graphics Info: Driver file: pdftex.def on input line 107.
 (/opt/local/share/texmf-texlive/tex/latex/graphics-def/pdftex.def
File: pdftex.def 2020/10/05 v1.2a Graphics/color driver for pdftex
))
\Gin@req@height=\dimen139
\Gin@req@width=\dimen140
) (/opt/local/share/texmf-texlive/tex/latex/tools/tabularx.sty
Package: tabularx 2020/01/15 v2.11c `tabularx' package (DPC)
 (/opt/local/share/texmf-texlive/tex/latex/tools/array.sty
Package: array 2021/10/04 v2.5f Tabular extension package (FMi)
\col@sep=\dimen141
\ar@mcellbox=\box51
\extrarowheight=\dimen142
\NC@list=\toks18
\extratabsurround=\skip49
\backup@length=\skip50
\ar@cellbox=\box52
)
\TX@col@width=\dimen143
\TX@old@table=\dimen144
\TX@old@col=\dimen145
\TX@target=\dimen146
\TX@delta=\dimen147
\TX@cols=\count196
\TX@ftn=\toks19
) (/opt/local/share/texmf-texlive/tex/latex/xcolor/xcolor.sty
Package: xcolor 2021/10/31 v2.13 LaTeX color extensions (UK)
 (/opt/local/share/texmf-texlive/tex/latex/graphics-cfg/color.cfg
File: color.cfg 2016/01/02 v1.6 sample color configuration
)
Package xcolor Info: Driver file: pdftex.def on input line 227.
Package xcolor Info: Model `cmy' substituted by `cmy0' on input line 1352.
Package xcolor Info: Model `hsb' substituted by `rgb' on input line 1356.
Package xcolor Info: Model `RGB' extended on input line 1368.
Package xcolor Info: Model `HTML' substituted by `rgb' on input line 1370.
Package xcolor Info: Model `Hsb' substituted by `hsb' on input line 1371.
Package xcolor Info: Model `tHsb' substituted by `hsb' on input line 1372.
Package xcolor Info: Model `HSB' substituted by `hsb' on input line 1373.
Package xcolor Info: Model `Gray' substituted by `gray' on input line 1374.
Package xcolor Info: Model `wave' substituted by `hsb' on input line 1375.
) (/opt/local/share/texmf-texlive/tex/latex/psfrag/psfrag.sty
Package: psfrag 1998/04/11 v3.04 PSfrag (MCG)
\pfg@pcount=\count197
\pfg@scount=\count198
\pfg@temp=\write4
) (/opt/local/share/texmf-texlive/tex/latex/url/url.sty
\Urlmuskip=\muskip16
Package: url 2013/09/16  ver 3.4  Verb mode for urls, etc.
) (/opt/local/share/texmf-texlive/tex/latex/cite/cite.sty
LaTeX Info: Redefining \cite on input line 302.
LaTeX Info: Redefining \nocite on input line 332.
Package: cite 2015/02/27  v 5.5
) (/opt/local/share/texmf-texlive/tex/latex/caption/caption2.sty
Package: caption2 2021/01/20 v2.2i Customising captions (AR)
 (/opt/local/share/texmf-texlive/tex/latex/caption/caption3.sty
Package: caption3 2022/03/17 v2.3b caption3 kernel (AR)
\caption@tempdima=\dimen148
\captionmargin=\dimen149
\caption@leftmargin=\dimen150
\caption@rightmargin=\dimen151
\caption@width=\dimen152
\caption@indent=\dimen153
\caption@parindent=\dimen154
\caption@hangindent=\dimen155
Package caption Info: Standard document class detected.
)
Package caption2 Info: Running in caption2 v2.0 compatibility mode on input line 231.
\captionlinewidth=\dimen156
\realcaptionwidth=\dimen157
Package caption2 Info: float package is not loaded on input line 335.
Package caption2 Info: longtable package is not loaded on input line 352.
Package caption2 Info: subfigure package is not loaded on input line 445.
) (/opt/local/share/texmf-texlive/tex/latex/hyperref/hyperref.sty
Package: hyperref 2022-02-21 v7.00n Hypertext links for LaTeX
 (/opt/local/share/texmf-texlive/tex/generic/ltxcmds/ltxcmds.sty
Package: ltxcmds 2020-05-10 v1.25 LaTeX kernel commands for general use (HO)
) (/opt/local/share/texmf-texlive/tex/generic/iftex/iftex.sty
Package: iftex 2022/02/03 v1.0f TeX engine tests
) (/opt/local/share/texmf-texlive/tex/generic/pdftexcmds/pdftexcmds.sty
Package: pdftexcmds 2020-06-27 v0.33 Utility functions of pdfTeX for LuaTeX (HO)
 (/opt/local/share/texmf-texlive/tex/generic/infwarerr/infwarerr.sty
Package: infwarerr 2019/12/03 v1.5 Providing info/warning/error messages (HO)
)
Package pdftexcmds Info: \pdf@primitive is available.
Package pdftexcmds Info: \pdf@ifprimitive is available.
Package pdftexcmds Info: \pdfdraftmode found.
) (/opt/local/share/texmf-texlive/tex/generic/kvsetkeys/kvsetkeys.sty
Package: kvsetkeys 2019/12/15 v1.18 Key value parser (HO)
) (/opt/local/share/texmf-texlive/tex/generic/kvdefinekeys/kvdefinekeys.sty
Package: kvdefinekeys 2019-12-19 v1.6 Define keys (HO)
) (/opt/local/share/texmf-texlive/tex/generic/pdfescape/pdfescape.sty
Package: pdfescape 2019/12/09 v1.15 Implements pdfTeX's escape features (HO)
) (/opt/local/share/texmf-texlive/tex/latex/hycolor/hycolor.sty
Package: hycolor 2020-01-27 v1.10 Color options for hyperref/bookmark (HO)
) (/opt/local/share/texmf-texlive/tex/latex/letltxmacro/letltxmacro.sty
Package: letltxmacro 2019/12/03 v1.6 Let assignment for LaTeX macros (HO)
) (/opt/local/share/texmf-texlive/tex/latex/auxhook/auxhook.sty
Package: auxhook 2019-12-17 v1.6 Hooks for auxiliary files (HO)
) (/opt/local/share/texmf-texlive/tex/latex/kvoptions/kvoptions.sty
Package: kvoptions 2020-10-07 v3.14 Key value format for package options (HO)
)
\@linkdim=\dimen158
\Hy@linkcounter=\count199
\Hy@pagecounter=\count266
 (/opt/local/share/texmf-texlive/tex/latex/hyperref/pd1enc.def
File: pd1enc.def 2022-02-21 v7.00n Hyperref: PDFDocEncoding definition (HO)
Now handling font encoding PD1 ...
... no UTF-8 mapping file for font encoding PD1
) (/opt/local/share/texmf-texlive/tex/generic/intcalc/intcalc.sty
Package: intcalc 2019/12/15 v1.3 Expandable calculations with integers (HO)
) (/opt/local/share/texmf-texlive/tex/generic/etexcmds/etexcmds.sty
Package: etexcmds 2019/12/15 v1.7 Avoid name clashes with e-TeX commands (HO)
)
\Hy@SavedSpaceFactor=\count267
 (/opt/local/share/texmf-texlive/tex/latex/hyperref/puenc.def
File: puenc.def 2022-02-21 v7.00n Hyperref: PDF Unicode definition (HO)
Now handling font encoding PU ...
... no UTF-8 mapping file for font encoding PU
)
Package hyperref Info: Hyper figures OFF on input line 4137.
Package hyperref Info: Link nesting OFF on input line 4142.
Package hyperref Info: Hyper index ON on input line 4145.
Package hyperref Info: Plain pages OFF on input line 4152.
Package hyperref Info: Backreferencing OFF on input line 4157.
Package hyperref Info: Implicit mode ON; LaTeX internals redefined.
Package hyperref Info: Bookmarks ON on input line 4390.
\c@Hy@tempcnt=\count268
LaTeX Info: Redefining \url on input line 4749.
\XeTeXLinkMargin=\dimen159
 (/opt/local/share/texmf-texlive/tex/generic/bitset/bitset.sty
Package: bitset 2019/12/09 v1.3 Handle bit-vector datatype (HO)
 (/opt/local/share/texmf-texlive/tex/generic/bigintcalc/bigintcalc.sty
Package: bigintcalc 2019/12/15 v1.5 Expandable calculations on big integers (HO)
))
\Fld@menulength=\count269
\Field@Width=\dimen160
\Fld@charsize=\dimen161
Package hyperref Info: Hyper figures OFF on input line 6027.
Package hyperref Info: Link nesting OFF on input line 6032.
Package hyperref Info: Hyper index ON on input line 6035.
Package hyperref Info: backreferencing OFF on input line 6042.
Package hyperref Info: Link coloring OFF on input line 6047.
Package hyperref Info: Link coloring with OCG OFF on input line 6052.
Package hyperref Info: PDF/A mode OFF on input line 6057.
LaTeX Info: Redefining \ref on input line 6097.
LaTeX Info: Redefining \pageref on input line 6101.
 (/opt/local/share/texmf-texlive/tex/latex/base/atbegshi-ltx.sty
Package: atbegshi-ltx 2021/01/10 v1.0c Emulation of the original atbegshi
package with kernel methods
)
\Hy@abspage=\count270
\c@Item=\count271
\c@Hfootnote=\count272
)
Package hyperref Info: Driver (autodetected): hpdftex.
 (/opt/local/share/texmf-texlive/tex/latex/hyperref/hpdftex.def
File: hpdftex.def 2022-02-21 v7.00n Hyperref driver for pdfTeX
 (/opt/local/share/texmf-texlive/tex/latex/base/atveryend-ltx.sty
Package: atveryend-ltx 2020/08/19 v1.0a Emulation of the original atveryend package
with kernel methods
)
\Fld@listcount=\count273
\c@bookmark@seq@number=\count274
 (/opt/local/share/texmf-texlive/tex/latex/rerunfilecheck/rerunfilecheck.sty
Package: rerunfilecheck 2019/12/05 v1.9 Rerun checks for auxiliary files (HO)
 (/opt/local/share/texmf-texlive/tex/generic/uniquecounter/uniquecounter.sty
Package: uniquecounter 2019/12/15 v1.4 Provide unlimited unique counter (HO)
)
Package uniquecounter Info: New unique counter `rerunfilecheck' on input line 286.
)
\Hy@SectionHShift=\skip51
) (/opt/local/share/texmf-texlive/tex/latex/base/makeidx.sty
Package: makeidx 2021/10/04 v1.0m Standard LaTeX package
) (/opt/local/share/texmf-texlive/tex/latex/amsmath/amsmath.sty
Package: amsmath 2021/10/15 v2.17l AMS math features
\@mathmargin=\skip52

For additional information on amsmath, use the `?' option.
(/opt/local/share/texmf-texlive/tex/latex/amsmath/amstext.sty
Package: amstext 2021/08/26 v2.01 AMS text
 (/opt/local/share/texmf-texlive/tex/latex/amsmath/amsgen.sty
File: amsgen.sty 1999/11/30 v2.0 generic functions
\@emptytoks=\toks20
\ex@=\dimen162
)) (/opt/local/share/texmf-texlive/tex/latex/amsmath/amsbsy.sty
Package: amsbsy 1999/11/29 v1.2d Bold Symbols
\pmbraise@=\dimen163
) (/opt/local/share/texmf-texlive/tex/latex/amsmath/amsopn.sty
Package: amsopn 2021/08/26 v2.02 operator names
)
\inf@bad=\count275
LaTeX Info: Redefining \frac on input line 234.
\uproot@=\count276
\leftroot@=\count277
LaTeX Info: Redefining \overline on input line 399.
\classnum@=\count278
\DOTSCASE@=\count279
LaTeX Info: Redefining \ldots on input line 496.
LaTeX Info: Redefining \dots on input line 499.
LaTeX Info: Redefining \cdots on input line 620.
\Mathstrutbox@=\box53
\strutbox@=\box54
\big@size=\dimen164
LaTeX Font Info:    Redeclaring font encoding OML on input line 743.
LaTeX Font Info:    Redeclaring font encoding OMS on input line 744.
\macc@depth=\count280
\c@MaxMatrixCols=\count281
\dotsspace@=\muskip17
\c@parentequation=\count282
\dspbrk@lvl=\count283
\tag@help=\toks21
\row@=\count284
\column@=\count285
\maxfields@=\count286
\andhelp@=\toks22
\eqnshift@=\dimen165
\alignsep@=\dimen166
\tagshift@=\dimen167
\tagwidth@=\dimen168
\totwidth@=\dimen169
\lineht@=\dimen170
\@envbody=\toks23
\multlinegap=\skip53
\multlinetaggap=\skip54
\mathdisplay@stack=\toks24
LaTeX Info: Redefining \[ on input line 2938.
LaTeX Info: Redefining \] on input line 2939.
)
Package hyperref Info: Option `colorlinks' set `true' on input line 37.
\@indexfile=\write5
\openout5 = `phyml-manual.idx'.


Writing index file phyml-manual.idx
(/opt/local/share/texmf-texlive/tex/latex/l3backend/l3backend-pdftex.def
File: l3backend-pdftex.def 2022-02-07 L3 backend support: PDF output (pdfTeX)
\l__color_backend_stack_int=\count287
\l__pdf_internal_box=\box55
) (./phyml-manual.aux)
\openout1 = `phyml-manual.aux'.

LaTeX Font Info:    Checking defaults for OML/cmm/m/it on input line 40.
LaTeX Font Info:    ... okay on input line 40.
LaTeX Font Info:    Checking defaults for OMS/cmsy/m/n on input line 40.
LaTeX Font Info:    ... okay on input line 40.
LaTeX Font Info:    Checking defaults for OT1/cmr/m/n on input line 40.
LaTeX Font Info:    ... okay on input line 40.
LaTeX Font Info:    Checking defaults for T1/cmr/m/n on input line 40.
LaTeX Font Info:    ... okay on input line 40.
LaTeX Font Info:    Checking defaults for TS1/cmr/m/n on input line 40.
LaTeX Font Info:    ... okay on input line 40.
LaTeX Font Info:    Checking defaults for OMX/cmex/m/n on input line 40.
LaTeX Font Info:    ... okay on input line 40.
LaTeX Font Info:    Checking defaults for U/cmr/m/n on input line 40.
LaTeX Font Info:    ... okay on input line 40.
LaTeX Font Info:    Checking defaults for PD1/pdf/m/n on input line 40.
LaTeX Font Info:    ... okay on input line 40.
LaTeX Font Info:    Checking defaults for PU/pdf/m/n on input line 40.
LaTeX Font Info:    ... okay on input line 40.
 (/opt/local/share/texmf-texlive/tex/context/base/mkii/supp-pdf.mkii
[Loading MPS to PDF converter (version 2006.09.02).]
\scratchcounter=\count288
\scratchdimen=\dimen171
\scratchbox=\box56
\nofMPsegments=\count289
\nofMParguments=\count290
\everyMPshowfont=\toks25
\MPscratchCnt=\count291
\MPscratchDim=\dimen172
\MPnumerator=\count292
\makeMPintoPDFobject=\count293
\everyMPtoPDFconversion=\toks26
) (/opt/local/share/texmf-texlive/tex/latex/epstopdf-pkg/epstopdf-base.sty
Package: epstopdf-base 2020-01-24 v2.11 Base part for package epstopdf
 (/opt/local/share/texmf-texlive/tex/latex/grfext/grfext.sty
Package: grfext 2019/12/03 v1.3 Manage graphics extensions (HO)
)
Package epstopdf-base Info: Redefining graphics rule for `.eps' on input line 485.
Package grfext Info: Graphics extension search list:
(grfext)             [.pdf,.png,.jpg,.mps,.jpeg,.jbig2,.jb2,.PDF,.PNG,.JPG,.JPEG,.JBIG2,.JB2,.eps]
(grfext)             \AppendGraphicsExtensions on input line 504.
 (/opt/local/share/texmf-texlive/tex/latex/latexconfig/epstopdf-sys.cfg
File: epstopdf-sys.cfg 2010/07/13 v1.3 Configuration of (r)epstopdf for TeX Live
))
Package caption Info: Begin \AtBeginDocument code.
Package caption Info: End \AtBeginDocument code.
Package hyperref Info: Link coloring ON on input line 40.
 (/opt/local/share/texmf-texlive/tex/latex/hyperref/nameref.sty
Package: nameref 2021-04-02 v2.47 Cross-referencing by name of section
 (/opt/local/share/texmf-texlive/tex/latex/refcount/refcount.sty
Package: refcount 2019/12/15 v3.6 Data extraction from label references (HO)
) (/opt/local/share/texmf-texlive/tex/generic/gettitlestring/gettitlestring.sty
Package: gettitlestring 2019/12/15 v1.6 Cleanup title references (HO)
)
\c@section@level=\count294
)
LaTeX Info: Redefining \ref on input line 40.
LaTeX Info: Redefining \pageref on input line 40.
LaTeX Info: Redefining \nameref on input line 40.
 (./phyml-manual.out) (./phyml-manual.out)
\@outlinefile=\write6
\openout6 = `phyml-manual.out'.

 [1
Non-PDF special ignored!
<special> header=psfrag.pro

{/opt/local/var/db/texmf/fonts/map/pdftex/updmap/pdftex.map}] (./phyml-manual.toc
LaTeX Font Info:    Trying to load font information for U+msa on input line 6.
 (/opt/local/share/texmf-texlive/tex/latex/amsfonts/umsa.fd
File: umsa.fd 2013/01/14 v3.01 AMS symbols A
)
LaTeX Font Info:    Trying to load font information for U+msb on input line 6.
 (/opt/local/share/texmf-texlive/tex/latex/amsfonts/umsb.fd
File: umsb.fd 2013/01/14 v3.01 AMS symbols B
) [2

] [3])
\tf@toc=\write7
\openout7 = `phyml-manual.toc'.

 [4] [5

] [6

]
LaTeX Font Info:    Trying to load font information for TS1+cmtt on input line 177.
 (/opt/local/share/texmf-texlive/tex/latex/base/ts1cmtt.fd
File: ts1cmtt.fd 2019/12/16 v2.5j Standard LaTeX font definitions
)
Underfull \hbox (badness 1552) in paragraph at lines 194--202
[]\OT1/cmr/m/n/12 This fea-ture of PhyML re-lies on the MPI (Mes-sage Pass-ing In-
 []


Underfull \hbox (badness 2582) in paragraph at lines 194--202
\OT1/cmr/m/n/12 on it. In case MPI is not in-stalled, you can dowload it from
 []

[7]
Underfull \hbox (badness 10000) in paragraph at lines 224--236

 []

[8] [9] [10] [11] [12] [13] [14] [15]
Underfull \hbox (badness 10000) in paragraph at lines 513--523
[]\OT1/cmr/m/it/12 Nucleotide-based mod-els\OT1/cmr/m/n/12 : \OT1/cmtt/m/n/12 HKY85 \OT1/cmr/m/n/12 (de-fault) \OT1/cmtt/m/n/12 | JC69
 []


Underfull \hbox (badness 10000) in paragraph at lines 513--523
\OT1/cmtt/m/n/12 | K80 | F81 | F84 | TN93 | GTR | custom |
 []


Underfull \hbox (badness 10000) in paragraph at lines 524--530
\OT1/cmtt/m/n/12 | Dayhoff | DCMut | RtREV | CpREV | VT | Blosum62 |
 []

[16] [17] [18] [19] [20] [21] [22] [23] [24] [25]
Overfull \hbox (18.15683pt too wide) in paragraph at lines 992--992
[]\OT1/cmtt/m/n/10.95 ((seq1:0.03,seq2:0.01):0.04,(seq3:0.01,(seq4:0.2,seq5:0.05):0.2):0.01);[] 
 []


Underfull \hbox (badness 10000) in paragraph at lines 988--996

 []

[26]
Overfull \hbox (3.72147pt too wide) in paragraph at lines 1025--1025
[]|\OT1/cmr/m/n/6 0.55| 
 []


Overfull \hbox (3.72147pt too wide) in paragraph at lines 1026--1026
[]|\OT1/cmr/m/n/6 0.51| 
 []


Overfull \hbox (3.72147pt too wide) in paragraph at lines 1026--1026
[]|\OT1/cmr/m/n/6 0.64| 
 []


Overfull \hbox (3.72147pt too wide) in paragraph at lines 1027--1027
[]|\OT1/cmr/m/n/6 0.74| 
 []


Overfull \hbox (3.72147pt too wide) in paragraph at lines 1027--1027
[]|\OT1/cmr/m/n/6 0.15| 
 []


Overfull \hbox (3.72147pt too wide) in paragraph at lines 1027--1027
[]|\OT1/cmr/m/n/6 5.43| 
 []


Overfull \hbox (3.72147pt too wide) in paragraph at lines 1028--1028
[]|\OT1/cmr/m/n/6 1.03| 
 []


Overfull \hbox (3.72147pt too wide) in paragraph at lines 1028--1028
[]|\OT1/cmr/m/n/6 0.53| 
 []


Overfull \hbox (3.72147pt too wide) in paragraph at lines 1028--1028
[]|\OT1/cmr/m/n/6 0.27| 
 []


Overfull \hbox (3.72147pt too wide) in paragraph at lines 1028--1028
[]|\OT1/cmr/m/n/6 0.03| 
 []


Overfull \hbox (3.72147pt too wide) in paragraph at lines 1029--1029
[]|\OT1/cmr/m/n/6 0.91| 
 []


Overfull \hbox (3.72147pt too wide) in paragraph at lines 1029--1029
[]|\OT1/cmr/m/n/6 3.04| 
 []


Overfull \hbox (3.72147pt too wide) in paragraph at lines 1029--1029
[]|\OT1/cmr/m/n/6 1.54| 
 []


Overfull \hbox (3.72147pt too wide) in paragraph at lines 1029--1029
[]|\OT1/cmr/m/n/6 0.62| 
 []


Overfull \hbox (3.72147pt too wide) in paragraph at lines 1029--1029
[]|\OT1/cmr/m/n/6 0.10| 
 []


Overfull \hbox (3.72147pt too wide) in paragraph at lines 1030--1030
[]|\OT1/cmr/m/n/6 1.58| 
 []


Overfull \hbox (3.72147pt too wide) in paragraph at lines 1030--1030
[]|\OT1/cmr/m/n/6 0.44| 
 []


Overfull \hbox (3.72147pt too wide) in paragraph at lines 1030--1030
[]|\OT1/cmr/m/n/6 0.95| 
 []


Overfull \hbox (3.72147pt too wide) in paragraph at lines 1030--1030
[]|\OT1/cmr/m/n/6 6.17| 
 []


Overfull \hbox (3.72147pt too wide) in paragraph at lines 1030--1030
[]|\OT1/cmr/m/n/6 0.02| 
 []


Overfull \hbox (3.72147pt too wide) in paragraph at lines 1030--1030
[]|\OT1/cmr/m/n/6 5.47| 
 []


Overfull \hbox (3.72147pt too wide) in paragraph at lines 1031--1031
[]|\OT1/cmr/m/n/6 1.42| 
 []


Overfull \hbox (3.72147pt too wide) in paragraph at lines 1031--1031
[]|\OT1/cmr/m/n/6 0.58| 
 []


Overfull \hbox (3.72147pt too wide) in paragraph at lines 1031--1031
[]|\OT1/cmr/m/n/6 1.13| 
 []


Overfull \hbox (3.72147pt too wide) in paragraph at lines 1031--1031
[]|\OT1/cmr/m/n/6 0.87| 
 []


Overfull \hbox (3.72147pt too wide) in paragraph at lines 1031--1031
[]|\OT1/cmr/m/n/6 0.31| 
 []


Overfull \hbox (3.72147pt too wide) in paragraph at lines 1031--1031
[]|\OT1/cmr/m/n/6 0.33| 
 []


Overfull \hbox (3.72147pt too wide) in paragraph at lines 1031--1031
[]|\OT1/cmr/m/n/6 0.57| 
 []


Overfull \hbox (3.72147pt too wide) in paragraph at lines 1032--1032
[]|\OT1/cmr/m/n/6 0.32| 
 []


Overfull \hbox (3.72147pt too wide) in paragraph at lines 1032--1032
[]|\OT1/cmr/m/n/6 2.14| 
 []


Overfull \hbox (3.72147pt too wide) in paragraph at lines 1032--1032
[]|\OT1/cmr/m/n/6 3.96| 
 []


Overfull \hbox (3.72147pt too wide) in paragraph at lines 1032--1032
[]|\OT1/cmr/m/n/6 0.93| 
 []


Overfull \hbox (3.72147pt too wide) in paragraph at lines 1032--1032
[]|\OT1/cmr/m/n/6 0.25| 
 []


Overfull \hbox (3.72147pt too wide) in paragraph at lines 1032--1032
[]|\OT1/cmr/m/n/6 4.29| 
 []


Overfull \hbox (3.72147pt too wide) in paragraph at lines 1032--1032
[]|\OT1/cmr/m/n/6 0.57| 
 []


Overfull \hbox (3.72147pt too wide) in paragraph at lines 1032--1032
[]|\OT1/cmr/m/n/6 0.25| 
 []


Overfull \hbox (3.72147pt too wide) in paragraph at lines 1033--1033
[]|\OT1/cmr/m/n/6 0.19| 
 []


Overfull \hbox (3.72147pt too wide) in paragraph at lines 1033--1033
[]|\OT1/cmr/m/n/6 0.19| 
 []


Overfull \hbox (3.72147pt too wide) in paragraph at lines 1033--1033
[]|\OT1/cmr/m/n/6 0.55| 
 []


Overfull \hbox (3.72147pt too wide) in paragraph at lines 1033--1033
[]|\OT1/cmr/m/n/6 0.04| 
 []


Overfull \hbox (3.72147pt too wide) in paragraph at lines 1033--1033
[]|\OT1/cmr/m/n/6 0.17| 
 []


Overfull \hbox (3.72147pt too wide) in paragraph at lines 1033--1033
[]|\OT1/cmr/m/n/6 0.11| 
 []


Overfull \hbox (3.72147pt too wide) in paragraph at lines 1033--1033
[]|\OT1/cmr/m/n/6 0.13| 
 []


Overfull \hbox (3.72147pt too wide) in paragraph at lines 1033--1033
[]|\OT1/cmr/m/n/6 0.03| 
 []


Overfull \hbox (3.72147pt too wide) in paragraph at lines 1033--1033
[]|\OT1/cmr/m/n/6 0.14| 
 []


Overfull \hbox (3.72147pt too wide) in paragraph at lines 1034--1034
[]|\OT1/cmr/m/n/6 0.40| 
 []


Overfull \hbox (3.72147pt too wide) in paragraph at lines 1034--1034
[]|\OT1/cmr/m/n/6 0.50| 
 []


Overfull \hbox (3.72147pt too wide) in paragraph at lines 1034--1034
[]|\OT1/cmr/m/n/6 0.13| 
 []


Overfull \hbox (3.72147pt too wide) in paragraph at lines 1034--1034
[]|\OT1/cmr/m/n/6 0.08| 
 []


Overfull \hbox (3.72147pt too wide) in paragraph at lines 1034--1034
[]|\OT1/cmr/m/n/6 0.38| 
 []


Overfull \hbox (3.72147pt too wide) in paragraph at lines 1034--1034
[]|\OT1/cmr/m/n/6 0.87| 
 []


Overfull \hbox (3.72147pt too wide) in paragraph at lines 1034--1034
[]|\OT1/cmr/m/n/6 0.15| 
 []


Overfull \hbox (3.72147pt too wide) in paragraph at lines 1034--1034
[]|\OT1/cmr/m/n/6 0.06| 
 []


Overfull \hbox (3.72147pt too wide) in paragraph at lines 1034--1034
[]|\OT1/cmr/m/n/6 0.50| 
 []


Overfull \hbox (3.72147pt too wide) in paragraph at lines 1034--1034
[]|\OT1/cmr/m/n/6 3.17| 
 []


Overfull \hbox (3.72147pt too wide) in paragraph at lines 1035--1035
[]|\OT1/cmr/m/n/6 0.91| 
 []


Overfull \hbox (3.72147pt too wide) in paragraph at lines 1035--1035
[]|\OT1/cmr/m/n/6 5.35| 
 []


Overfull \hbox (3.72147pt too wide) in paragraph at lines 1035--1035
[]|\OT1/cmr/m/n/6 3.01| 
 []


Overfull \hbox (3.72147pt too wide) in paragraph at lines 1035--1035
[]|\OT1/cmr/m/n/6 0.48| 
 []


Overfull \hbox (3.72147pt too wide) in paragraph at lines 1035--1035
[]|\OT1/cmr/m/n/6 0.07| 
 []


Overfull \hbox (3.72147pt too wide) in paragraph at lines 1035--1035
[]|\OT1/cmr/m/n/6 3.89| 
 []


Overfull \hbox (3.72147pt too wide) in paragraph at lines 1035--1035
[]|\OT1/cmr/m/n/6 2.58| 
 []


Overfull \hbox (3.72147pt too wide) in paragraph at lines 1035--1035
[]|\OT1/cmr/m/n/6 0.37| 
 []


Overfull \hbox (3.72147pt too wide) in paragraph at lines 1035--1035
[]|\OT1/cmr/m/n/6 0.89| 
 []


Overfull \hbox (3.72147pt too wide) in paragraph at lines 1035--1035
[]|\OT1/cmr/m/n/6 0.32| 
 []


Overfull \hbox (3.72147pt too wide) in paragraph at lines 1035--1035
[]|\OT1/cmr/m/n/6 0.26| 
 []


Overfull \hbox (3.72147pt too wide) in paragraph at lines 1036--1036
[]|\OT1/cmr/m/n/6 0.89| 
 []


Overfull \hbox (3.72147pt too wide) in paragraph at lines 1036--1036
[]|\OT1/cmr/m/n/6 0.68| 
 []


Overfull \hbox (3.72147pt too wide) in paragraph at lines 1036--1036
[]|\OT1/cmr/m/n/6 0.20| 
 []


Overfull \hbox (3.72147pt too wide) in paragraph at lines 1036--1036
[]|\OT1/cmr/m/n/6 0.10| 
 []


Overfull \hbox (3.72147pt too wide) in paragraph at lines 1036--1036
[]|\OT1/cmr/m/n/6 0.39| 
 []


Overfull \hbox (3.72147pt too wide) in paragraph at lines 1036--1036
[]|\OT1/cmr/m/n/6 1.55| 
 []


Overfull \hbox (3.72147pt too wide) in paragraph at lines 1036--1036
[]|\OT1/cmr/m/n/6 0.32| 
 []


Overfull \hbox (3.72147pt too wide) in paragraph at lines 1036--1036
[]|\OT1/cmr/m/n/6 0.17| 
 []


Overfull \hbox (3.72147pt too wide) in paragraph at lines 1036--1036
[]|\OT1/cmr/m/n/6 0.40| 
 []


Overfull \hbox (3.72147pt too wide) in paragraph at lines 1036--1036
[]|\OT1/cmr/m/n/6 4.26| 
 []


Overfull \hbox (3.72147pt too wide) in paragraph at lines 1036--1036
[]|\OT1/cmr/m/n/6 4.85| 
 []


Overfull \hbox (3.72147pt too wide) in paragraph at lines 1036--1036
[]|\OT1/cmr/m/n/6 0.93| 
 []


Overfull \hbox (3.72147pt too wide) in paragraph at lines 1037--1037
[]|\OT1/cmr/m/n/6 0.21| 
 []


Overfull \hbox (3.72147pt too wide) in paragraph at lines 1037--1037
[]|\OT1/cmr/m/n/6 0.10| 
 []


Overfull \hbox (3.72147pt too wide) in paragraph at lines 1037--1037
[]|\OT1/cmr/m/n/6 0.10| 
 []


Overfull \hbox (3.72147pt too wide) in paragraph at lines 1037--1037
[]|\OT1/cmr/m/n/6 0.05| 
 []


Overfull \hbox (3.72147pt too wide) in paragraph at lines 1037--1037
[]|\OT1/cmr/m/n/6 0.40| 
 []


Overfull \hbox (3.72147pt too wide) in paragraph at lines 1037--1037
[]|\OT1/cmr/m/n/6 0.10| 
 []


Overfull \hbox (3.72147pt too wide) in paragraph at lines 1037--1037
[]|\OT1/cmr/m/n/6 0.08| 
 []


Overfull \hbox (3.72147pt too wide) in paragraph at lines 1037--1037
[]|\OT1/cmr/m/n/6 0.05| 
 []


Overfull \hbox (3.72147pt too wide) in paragraph at lines 1037--1037
[]|\OT1/cmr/m/n/6 0.68| 
 []


Overfull \hbox (3.72147pt too wide) in paragraph at lines 1037--1037
[]|\OT1/cmr/m/n/6 1.06| 
 []


Overfull \hbox (3.72147pt too wide) in paragraph at lines 1037--1037
[]|\OT1/cmr/m/n/6 2.12| 
 []


Overfull \hbox (3.72147pt too wide) in paragraph at lines 1037--1037
[]|\OT1/cmr/m/n/6 0.09| 
 []


Overfull \hbox (3.72147pt too wide) in paragraph at lines 1037--1037
[]|\OT1/cmr/m/n/6 1.19| 
 []


Overfull \hbox (3.72147pt too wide) in paragraph at lines 1038--1038
[]|\OT1/cmr/m/n/6 1.44| 
 []


Overfull \hbox (3.72147pt too wide) in paragraph at lines 1038--1038
[]|\OT1/cmr/m/n/6 0.68| 
 []


Overfull \hbox (3.72147pt too wide) in paragraph at lines 1038--1038
[]|\OT1/cmr/m/n/6 0.20| 
 []


Overfull \hbox (3.72147pt too wide) in paragraph at lines 1038--1038
[]|\OT1/cmr/m/n/6 0.42| 
 []


Overfull \hbox (3.72147pt too wide) in paragraph at lines 1038--1038
[]|\OT1/cmr/m/n/6 0.11| 
 []


Overfull \hbox (3.72147pt too wide) in paragraph at lines 1038--1038
[]|\OT1/cmr/m/n/6 0.93| 
 []


Overfull \hbox (3.72147pt too wide) in paragraph at lines 1038--1038
[]|\OT1/cmr/m/n/6 0.68| 
 []


Overfull \hbox (3.72147pt too wide) in paragraph at lines 1038--1038
[]|\OT1/cmr/m/n/6 0.24| 
 []


Overfull \hbox (3.72147pt too wide) in paragraph at lines 1038--1038
[]|\OT1/cmr/m/n/6 0.70| 
 []


Overfull \hbox (3.72147pt too wide) in paragraph at lines 1038--1038
[]|\OT1/cmr/m/n/6 0.10| 
 []


Overfull \hbox (3.72147pt too wide) in paragraph at lines 1038--1038
[]|\OT1/cmr/m/n/6 0.42| 
 []


Overfull \hbox (3.72147pt too wide) in paragraph at lines 1038--1038
[]|\OT1/cmr/m/n/6 0.56| 
 []


Overfull \hbox (3.72147pt too wide) in paragraph at lines 1038--1038
[]|\OT1/cmr/m/n/6 0.17| 
 []


Overfull \hbox (3.72147pt too wide) in paragraph at lines 1038--1038
[]|\OT1/cmr/m/n/6 0.16| 
 []


Overfull \hbox (3.72147pt too wide) in paragraph at lines 1039--1039
[]|\OT1/cmr/m/n/6 3.37| 
 []


Overfull \hbox (3.72147pt too wide) in paragraph at lines 1039--1039
[]|\OT1/cmr/m/n/6 1.22| 
 []


Overfull \hbox (3.72147pt too wide) in paragraph at lines 1039--1039
[]|\OT1/cmr/m/n/6 3.97| 
 []


Overfull \hbox (3.72147pt too wide) in paragraph at lines 1039--1039
[]|\OT1/cmr/m/n/6 1.07| 
 []


Overfull \hbox (3.72147pt too wide) in paragraph at lines 1039--1039
[]|\OT1/cmr/m/n/6 1.41| 
 []


Overfull \hbox (3.72147pt too wide) in paragraph at lines 1039--1039
[]|\OT1/cmr/m/n/6 1.03| 
 []


Overfull \hbox (3.72147pt too wide) in paragraph at lines 1039--1039
[]|\OT1/cmr/m/n/6 0.70| 
 []


Overfull \hbox (3.72147pt too wide) in paragraph at lines 1039--1039
[]|\OT1/cmr/m/n/6 1.34| 
 []


Overfull \hbox (3.72147pt too wide) in paragraph at lines 1039--1039
[]|\OT1/cmr/m/n/6 0.74| 
 []


Overfull \hbox (3.72147pt too wide) in paragraph at lines 1039--1039
[]|\OT1/cmr/m/n/6 0.32| 
 []


Overfull \hbox (3.72147pt too wide) in paragraph at lines 1039--1039
[]|\OT1/cmr/m/n/6 0.34| 
 []


Overfull \hbox (3.72147pt too wide) in paragraph at lines 1039--1039
[]|\OT1/cmr/m/n/6 0.97| 
 []


Overfull \hbox (3.72147pt too wide) in paragraph at lines 1039--1039
[]|\OT1/cmr/m/n/6 0.49| 
 []


Overfull \hbox (3.72147pt too wide) in paragraph at lines 1039--1039
[]|\OT1/cmr/m/n/6 0.55| 
 []


Overfull \hbox (3.72147pt too wide) in paragraph at lines 1039--1039
[]|\OT1/cmr/m/n/6 1.61| 
 []


Overfull \hbox (3.72147pt too wide) in paragraph at lines 1040--1040
[]|\OT1/cmr/m/n/6 2.12| 
 []


Overfull \hbox (3.72147pt too wide) in paragraph at lines 1040--1040
[]|\OT1/cmr/m/n/6 0.55| 
 []


Overfull \hbox (3.72147pt too wide) in paragraph at lines 1040--1040
[]|\OT1/cmr/m/n/6 2.03| 
 []


Overfull \hbox (3.72147pt too wide) in paragraph at lines 1040--1040
[]|\OT1/cmr/m/n/6 0.37| 
 []


Overfull \hbox (3.72147pt too wide) in paragraph at lines 1040--1040
[]|\OT1/cmr/m/n/6 0.51| 
 []


Overfull \hbox (3.72147pt too wide) in paragraph at lines 1040--1040
[]|\OT1/cmr/m/n/6 0.86| 
 []


Overfull \hbox (3.72147pt too wide) in paragraph at lines 1040--1040
[]|\OT1/cmr/m/n/6 0.82| 
 []


Overfull \hbox (3.72147pt too wide) in paragraph at lines 1040--1040
[]|\OT1/cmr/m/n/6 0.23| 
 []


Overfull \hbox (3.72147pt too wide) in paragraph at lines 1040--1040
[]|\OT1/cmr/m/n/6 0.47| 
 []


Overfull \hbox (3.72147pt too wide) in paragraph at lines 1040--1040
[]|\OT1/cmr/m/n/6 1.46| 
 []


Overfull \hbox (3.72147pt too wide) in paragraph at lines 1040--1040
[]|\OT1/cmr/m/n/6 0.33| 
 []


Overfull \hbox (3.72147pt too wide) in paragraph at lines 1040--1040
[]|\OT1/cmr/m/n/6 1.39| 
 []


Overfull \hbox (3.72147pt too wide) in paragraph at lines 1040--1040
[]|\OT1/cmr/m/n/6 1.52| 
 []


Overfull \hbox (3.72147pt too wide) in paragraph at lines 1040--1040
[]|\OT1/cmr/m/n/6 0.17| 
 []


Overfull \hbox (3.72147pt too wide) in paragraph at lines 1040--1040
[]|\OT1/cmr/m/n/6 0.80| 
 []


Overfull \hbox (3.72147pt too wide) in paragraph at lines 1040--1040
[]|\OT1/cmr/m/n/6 4.38| 
 []


Overfull \hbox (3.72147pt too wide) in paragraph at lines 1041--1041
[]|\OT1/cmr/m/n/6 0.11| 
 []


Overfull \hbox (3.72147pt too wide) in paragraph at lines 1041--1041
[]|\OT1/cmr/m/n/6 1.16| 
 []


Overfull \hbox (3.72147pt too wide) in paragraph at lines 1041--1041
[]|\OT1/cmr/m/n/6 0.07| 
 []


Overfull \hbox (3.72147pt too wide) in paragraph at lines 1041--1041
[]|\OT1/cmr/m/n/6 0.13| 
 []


Overfull \hbox (3.72147pt too wide) in paragraph at lines 1041--1041
[]|\OT1/cmr/m/n/6 0.72| 
 []


Overfull \hbox (3.72147pt too wide) in paragraph at lines 1041--1041
[]|\OT1/cmr/m/n/6 0.22| 
 []


Overfull \hbox (3.72147pt too wide) in paragraph at lines 1041--1041
[]|\OT1/cmr/m/n/6 0.16| 
 []


Overfull \hbox (3.72147pt too wide) in paragraph at lines 1041--1041
[]|\OT1/cmr/m/n/6 0.34| 
 []


Overfull \hbox (3.72147pt too wide) in paragraph at lines 1041--1041
[]|\OT1/cmr/m/n/6 0.26| 
 []


Overfull \hbox (3.72147pt too wide) in paragraph at lines 1041--1041
[]|\OT1/cmr/m/n/6 0.21| 
 []


Overfull \hbox (3.72147pt too wide) in paragraph at lines 1041--1041
[]|\OT1/cmr/m/n/6 0.67| 
 []


Overfull \hbox (3.72147pt too wide) in paragraph at lines 1041--1041
[]|\OT1/cmr/m/n/6 0.14| 
 []


Overfull \hbox (3.72147pt too wide) in paragraph at lines 1041--1041
[]|\OT1/cmr/m/n/6 0.52| 
 []


Overfull \hbox (3.72147pt too wide) in paragraph at lines 1041--1041
[]|\OT1/cmr/m/n/6 1.53| 
 []


Overfull \hbox (3.72147pt too wide) in paragraph at lines 1041--1041
[]|\OT1/cmr/m/n/6 0.14| 
 []


Overfull \hbox (3.72147pt too wide) in paragraph at lines 1041--1041
[]|\OT1/cmr/m/n/6 0.52| 
 []


Overfull \hbox (3.72147pt too wide) in paragraph at lines 1041--1041
[]|\OT1/cmr/m/n/6 0.11| 
 []


Overfull \hbox (3.72147pt too wide) in paragraph at lines 1042--1042
[]|\OT1/cmr/m/n/6 0.24| 
 []


Overfull \hbox (3.72147pt too wide) in paragraph at lines 1042--1042
[]|\OT1/cmr/m/n/6 0.38| 
 []


Overfull \hbox (3.72147pt too wide) in paragraph at lines 1042--1042
[]|\OT1/cmr/m/n/6 1.09| 
 []


Overfull \hbox (3.72147pt too wide) in paragraph at lines 1042--1042
[]|\OT1/cmr/m/n/6 0.33| 
 []


Overfull \hbox (3.72147pt too wide) in paragraph at lines 1042--1042
[]|\OT1/cmr/m/n/6 0.54| 
 []


Overfull \hbox (3.72147pt too wide) in paragraph at lines 1042--1042
[]|\OT1/cmr/m/n/6 0.23| 
 []


Overfull \hbox (3.72147pt too wide) in paragraph at lines 1042--1042
[]|\OT1/cmr/m/n/6 0.20| 
 []


Overfull \hbox (3.72147pt too wide) in paragraph at lines 1042--1042
[]|\OT1/cmr/m/n/6 0.10| 
 []


Overfull \hbox (3.72147pt too wide) in paragraph at lines 1042--1042
[]|\OT1/cmr/m/n/6 3.87| 
 []


Overfull \hbox (3.72147pt too wide) in paragraph at lines 1042--1042
[]|\OT1/cmr/m/n/6 0.42| 
 []


Overfull \hbox (3.72147pt too wide) in paragraph at lines 1042--1042
[]|\OT1/cmr/m/n/6 0.40| 
 []


Overfull \hbox (3.72147pt too wide) in paragraph at lines 1042--1042
[]|\OT1/cmr/m/n/6 0.13| 
 []


Overfull \hbox (3.72147pt too wide) in paragraph at lines 1042--1042
[]|\OT1/cmr/m/n/6 0.43| 
 []


Overfull \hbox (3.72147pt too wide) in paragraph at lines 1042--1042
[]|\OT1/cmr/m/n/6 6.45| 
 []


Overfull \hbox (3.72147pt too wide) in paragraph at lines 1042--1042
[]|\OT1/cmr/m/n/6 0.22| 
 []


Overfull \hbox (3.72147pt too wide) in paragraph at lines 1042--1042
[]|\OT1/cmr/m/n/6 0.79| 
 []


Overfull \hbox (3.72147pt too wide) in paragraph at lines 1042--1042
[]|\OT1/cmr/m/n/6 0.29| 
 []


Overfull \hbox (3.72147pt too wide) in paragraph at lines 1042--1042
[]|\OT1/cmr/m/n/6 2.49| 
 []


Overfull \hbox (3.72147pt too wide) in paragraph at lines 1043--1043
[]|\OT1/cmr/m/n/6 2.01| 
 []


Overfull \hbox (3.72147pt too wide) in paragraph at lines 1043--1043
[]|\OT1/cmr/m/n/6 0.25| 
 []


Overfull \hbox (3.72147pt too wide) in paragraph at lines 1043--1043
[]|\OT1/cmr/m/n/6 0.20| 
 []


Overfull \hbox (3.72147pt too wide) in paragraph at lines 1043--1043
[]|\OT1/cmr/m/n/6 0.15| 
 []


Overfull \hbox (3.72147pt too wide) in paragraph at lines 1043--1043
[]|\OT1/cmr/m/n/6 1.00| 
 []


Overfull \hbox (3.72147pt too wide) in paragraph at lines 1043--1043
[]|\OT1/cmr/m/n/6 0.30| 
 []


Overfull \hbox (3.72147pt too wide) in paragraph at lines 1043--1043
[]|\OT1/cmr/m/n/6 0.59| 
 []


Overfull \hbox (3.72147pt too wide) in paragraph at lines 1043--1043
[]|\OT1/cmr/m/n/6 0.19| 
 []


Overfull \hbox (3.72147pt too wide) in paragraph at lines 1043--1043
[]|\OT1/cmr/m/n/6 0.12| 
 []


Overfull \hbox (3.72147pt too wide) in paragraph at lines 1043--1043
[]|\OT1/cmr/m/n/6 7.82| 
 []


Overfull \hbox (3.72147pt too wide) in paragraph at lines 1043--1043
[]|\OT1/cmr/m/n/6 1.80| 
 []


Overfull \hbox (3.72147pt too wide) in paragraph at lines 1043--1043
[]|\OT1/cmr/m/n/6 0.31| 
 []


Overfull \hbox (3.72147pt too wide) in paragraph at lines 1043--1043
[]|\OT1/cmr/m/n/6 2.06| 
 []


Overfull \hbox (3.72147pt too wide) in paragraph at lines 1043--1043
[]|\OT1/cmr/m/n/6 0.65| 
 []


Overfull \hbox (3.72147pt too wide) in paragraph at lines 1043--1043
[]|\OT1/cmr/m/n/6 0.31| 
 []


Overfull \hbox (3.72147pt too wide) in paragraph at lines 1043--1043
[]|\OT1/cmr/m/n/6 0.23| 
 []


Overfull \hbox (3.72147pt too wide) in paragraph at lines 1043--1043
[]|\OT1/cmr/m/n/6 1.39| 
 []


Overfull \hbox (3.72147pt too wide) in paragraph at lines 1043--1043
[]|\OT1/cmr/m/n/6 0.37| 
 []


Overfull \hbox (3.72147pt too wide) in paragraph at lines 1043--1043
[]|\OT1/cmr/m/n/6 0.31| 
 []


Overfull \hbox (3.72147pt too wide) in paragraph at lines 1045--1045
[]|\OT1/cmr/m/n/6 8.66| 
 []


Overfull \hbox (3.72147pt too wide) in paragraph at lines 1045--1045
[]|\OT1/cmr/m/n/6 4.40| 
 []


Overfull \hbox (3.72147pt too wide) in paragraph at lines 1045--1045
[]|\OT1/cmr/m/n/6 3.91| 
 []


Overfull \hbox (3.72147pt too wide) in paragraph at lines 1045--1045
[]|\OT1/cmr/m/n/6 5.70| 
 []


Overfull \hbox (3.72147pt too wide) in paragraph at lines 1045--1045
[]|\OT1/cmr/m/n/6 1.93| 
 []


Overfull \hbox (3.72147pt too wide) in paragraph at lines 1045--1045
[]|\OT1/cmr/m/n/6 3.67| 
 []


Overfull \hbox (3.72147pt too wide) in paragraph at lines 1045--1045
[]|\OT1/cmr/m/n/6 5.81| 
 []


Overfull \hbox (3.72147pt too wide) in paragraph at lines 1045--1045
[]|\OT1/cmr/m/n/6 8.33| 
 []


Overfull \hbox (3.72147pt too wide) in paragraph at lines 1045--1045
[]|\OT1/cmr/m/n/6 2.44| 
 []


Overfull \hbox (3.72147pt too wide) in paragraph at lines 1045--1045
[]|\OT1/cmr/m/n/6 4.85| 
 []


Overfull \hbox (3.72147pt too wide) in paragraph at lines 1045--1045
[]|\OT1/cmr/m/n/6 8.62| 
 []


Overfull \hbox (3.72147pt too wide) in paragraph at lines 1045--1045
[]|\OT1/cmr/m/n/6 6.20| 
 []


Overfull \hbox (3.72147pt too wide) in paragraph at lines 1045--1045
[]|\OT1/cmr/m/n/6 1.95| 
 []


Overfull \hbox (3.72147pt too wide) in paragraph at lines 1045--1045
[]|\OT1/cmr/m/n/6 3.84| 
 []


Overfull \hbox (3.72147pt too wide) in paragraph at lines 1045--1045
[]|\OT1/cmr/m/n/6 4.58| 
 []


Overfull \hbox (3.72147pt too wide) in paragraph at lines 1045--1045
[]|\OT1/cmr/m/n/6 6.95| 
 []


Overfull \hbox (3.72147pt too wide) in paragraph at lines 1045--1045
[]|\OT1/cmr/m/n/6 6.10| 
 []


Overfull \hbox (3.72147pt too wide) in paragraph at lines 1045--1045
[]|\OT1/cmr/m/n/6 1.44| 
 []


Overfull \hbox (3.72147pt too wide) in paragraph at lines 1045--1045
[]|\OT1/cmr/m/n/6 3.53| 
 []


Overfull \hbox (3.72147pt too wide) in paragraph at lines 1045--1046
[]|\OT1/cmr/m/n/6 7.09| 
 []


Overfull \hbox (37.789pt too wide) in paragraph at lines 1022--1048
 [] 
 []

[27]
Underfull \hbox (badness 10000) in paragraph at lines 1089--1090

 []


Overfull \hbox (76.94775pt too wide) in paragraph at lines 1091--1104
 [] 
 []

[28] [29] [30] [31] [32]

Package hyperref Warning: Suppressing link with empty target on input line 1266.

[33]
Overfull \hbox (39.8485pt too wide) in alignment at lines 1313--1319
 [][][] []
 []

[34]
Underfull \hbox (badness 1968) in paragraph at lines 1335--1339
\OT1/cmr/m/n/12 po-nents of a mix-ture are in-de-pen-dant. In other words, we have
 []

[35] [36] [37]
Underfull \hbox (badness 2189) in paragraph at lines 1492--1492
[]\OT1/cmr/bx/n/14.4 Setting up mix-ture and par-ti-tion mod-els in
 []

[38] [39] [40]
Underfull \hbox (badness 1430) in paragraph at lines 1656--1658
[]\OT1/cmtt/m/n/12 optimise.tree="yes"|"true"|"no"|"false"\OT1/cmr/m/n/12 . The start-ing tree
 []

[41]
Overfull \hbox (9.87488pt too wide) in paragraph at lines 1675--1678
[]\OT1/cmtt/m/n/12 model="JC69"|"K80"|"F81"|"F84"|"HKY85"|"TN93"|"GTR"|"custom"
 []


Overfull \hbox (65.4499pt too wide) in paragraph at lines 1675--1678
\OT1/cmtt/m/n/12 model="LG"|"WAG"|"JTT"|"MtREV"|"Dayhoff"|"DCMut"|"RtREV"|"CpREV"|"VT" 
 []


Underfull \hbox (badness 10000) in paragraph at lines 1675--1678
\OT1/cmtt/m/n/12 |"Blosum62"|"MtMam"|"MtArt"|"HIVw"|"HIVb"|"customaa" \OT1/cmr/m/n/12 for
 []


Underfull \hbox (badness 1077) in paragraph at lines 1682--1686
[]\OT1/cmtt/m/n/12 ratematrix.code="filename"\OT1/cmr/m/n/12 . When used in con-junc-tion with
 []

[42]

Package hyperref Warning: Suppressing link with empty target on input line 1700.


Underfull \hbox (badness 10000) in paragraph at lines 1698--1701
[]\OT1/cmr/m/n/12 Also, the \OT1/cmtt/m/n/12 ratematrices \OT1/cmr/m/n/12 com-po-nent has the at-tribute
 []


Package hyperref Warning: Suppressing link with empty target on input line 1729.

[43] [44] [45]
Underfull \hbox (badness 1087) in paragraph at lines 1841--1846
[]\OT1/cmtt/m/n/12 optimise.tree.scale="yes|true|no|false"\OT1/cmr/m/n/12 . The sum of edge
 []


Underfull \hbox (badness 2376) in paragraph at lines 1848--1850
[]\OT1/cmtt/m/n/12 print.site.lk="yes|true|no|false"\OT1/cmr/m/n/12 . The like-li-hood at each
 []


Underfull \hbox (badness 2460) in paragraph at lines 1848--1850
\OT1/cmr/m/n/12 site (and other in-for-ma-tion) will be writ-ten in a file named
 []

[46]

Package hyperref Warning: Token not allowed in a PDF string (Unicode):
(hyperref)                removing `math shift' on input line 1900.


Package hyperref Warning: Token not allowed in a PDF string (Unicode):
(hyperref)                removing `\Gamma' on input line 1900.


Package hyperref Warning: Token not allowed in a PDF string (Unicode):
(hyperref)                removing `math shift' on input line 1900.

[47] [48] [49]
Underfull \hbox (badness 7012) in paragraph at lines 2047--2051
[]\OT1/cmr/m/n/12 In or-der to fit the LG4X model to the \OT1/cmtt/m/n/12 proteic \OT1/cmr/m/n/12 se-quence
 []


Underfull \hbox (badness 8056) in paragraph at lines 2047--2051
\OT1/cmr/m/n/12 file pro-vided in the \OT1/cmtt/m/n/12 examples/ \OT1/cmr/m/n/12 di-rec-tory, sim-ply type \OT1/cmtt/m/n/12 ./phyml
 []

[50] [51] [52] [53] [54] [55] [56]
Underfull \hbox (badness 1127) in paragraph at lines 2333--2335
[]\OT1/cmtt/m/n/12 model=strictclock \OT1/cmr/m/n/12 or \OT1/cmtt/m/n/12 model=clock \OT1/cmr/m/n/12 im-ple-ments the strict clock
 []

[57] [58] [59] [60] [61] [62]
Underfull \hbox (badness 2913) in paragraph at lines 2583--2587
\OT1/cmr/m/n/12 used to run an anal-y-sis (us-ing the fol-low-ing com-mand: \OT1/cmtt/m/n/12 phytime
 []

[63]
Underfull \hbox (badness 1406) in paragraph at lines 2628--2633
[]\OT1/cmr/m/n/12 The script be-low can be copied and pasted into R in or-der to
 []


Underfull \hbox (badness 1371) in paragraph at lines 2628--2633
\OT1/cmr/m/n/12 pro-duce the plots in Fig-ure [][]4[][] (as-sum-ing R was launched from the
 []

[64]
<./fig/phytimetrace.pdf, id=829, 505.89pt x 505.89pt>
File: ./fig/phytimetrace.pdf Graphic file (type pdf)
<use ./fig/phytimetrace.pdf>
Package pdftex.def Info: ./fig/phytimetrace.pdf  used on input line 2668.
(pdftex.def)             Requested size: 392.64812pt x 392.65506pt.

Overfull \hbox (2.64812pt too wide) in paragraph at lines 2668--2669
 [] 
 []

[65] [66 <./fig/phytimetrace.pdf>] [67] [68] [69] [70]
Underfull \hbox (badness 10000) in paragraph at lines 2968--2975
[]\OT1/cmr/m/it/12 Variation of rates across lin-eages (a.k.a. re-laxed clock[]).
 []

[71]
Underfull \hbox (badness 1515) in paragraph at lines 2975--2983
[]\OT1/cmr/m/it/12 Tree gen-er-at-ing model. \OT1/cmtt/m/n/12 <treegenerating> \OT1/cmr/m/n/12 com-po-nent. Us-ing
 []


Underfull \hbox (badness 1442) in paragraph at lines 2975--2983
\OT1/cmr/m/n/12 other op-tions are given, King-man's co-a-les-cent is used. Us-ing
 []

[72] [73] [74] [75] [76]
Underfull \hbox (badness 10000) in paragraph at lines 3218--3219

 []

[77]
Underfull \hbox (badness 10000) in paragraph at lines 3225--3226

 []


Underfull \hbox (badness 10000) in paragraph at lines 3230--3231

 []


Underfull \hbox (badness 10000) in paragraph at lines 3235--3236

 []


Underfull \hbox (badness 10000) in paragraph at lines 3240--3241

 []

(./phyml-manual.bbl [78] [79] [80]
Underfull \hbox (badness 10000) in paragraph at lines 256--262
[]\OT1/cmr/m/n/12 Oliva, A. \OT1/cmr/m/it/12 et al.  \OT1/cmr/m/n/12 Ac-count-ing for am-bi-gu-ity in
 []


Underfull \hbox (badness 10000) in paragraph at lines 256--262
\OT1/cmr/m/n/12 an-ces-tral se-quencere-con-struc-tion.  \OT1/cmr/m/it/12 Bioin-for-mat-ics
 []

[81] [82]) (./phyml-manual.ind [83] [84

] [85]) (./phyml-manual.aux)
Package rerunfilecheck Info: File `phyml-manual.out' has not changed.
(rerunfilecheck)             Checksum: F2540FB3E16E7C45A582C8AD5E67DBF8;13088.
 ) 
Here is how much of TeX's memory you used:
 11578 strings out of 479382
 183325 string characters out of 5869398
 542833 words of memory out of 5000000
 29208 multiletter control sequences out of 15000+600000
 482349 words of font info for 79 fonts, out of 8000000 for 9000
 430 hyphenation exceptions out of 8191
 60i,9n,63p,462b,553s stack positions out of 10000i,1000n,20000p,200000b,200000s
{/opt/local/share/texmf-texlive/fonts/enc/dvips/cm-super/cm-super-ts1.enc}</opt/local/share/texmf-texlive/fonts/type1/public/amsfonts/cm/cmbx12.pfb></opt/local/share/texmf-texlive/fonts/type1/public/amsfonts/cm/cmex10.pfb></opt/local/share/texmf-texlive/fonts/type1/public/amsfonts/cm/cmmi12.pfb></opt/local/share/texmf-texlive/fonts/type1/public/amsfonts/cm/cmmi6.pfb></opt/local/share/texmf-texlive/fonts/type1/public/amsfonts/cm/cmmi8.pfb></opt/local/share/texmf-texlive/fonts/type1/public/amsfonts/cm/cmr10.pfb></opt/local/share/texmf-texlive/fonts/type1/public/amsfonts/cm/cmr12.pfb></opt/local/share/texmf-texlive/fonts/type1/public/amsfonts/cm/cmr17.pfb></opt/local/share/texmf-texlive/fonts/type1/public/amsfonts/cm/cmr6.pfb></opt/local/share/texmf-texlive/fonts/type1/public/amsfonts/cm/cmr7.pfb></opt/local/share/texmf-texlive/fonts/type1/public/amsfonts/cm/cmr8.pfb></opt/local/share/texmf-texlive/fonts/type1/public/amsfonts/cm/cmsy10.pfb></opt/local/share/texmf-texlive/fonts/type1/public/amsfonts/cm/cmsy8.pfb></opt/local/share/texmf-texlive/fonts/type1/public/amsfonts/cm/cmti12.pfb></opt/local/share/texmf-texlive/fonts/type1/public/amsfonts/cm/cmtt10.pfb></opt/local/share/texmf-texlive/fonts/type1/public/amsfonts/cm/cmtt12.pfb></opt/local/share/texmf-texlive/fonts/type1/public/amsfonts/cm/cmtt8.pfb></opt/local/share/texmf-texlive/fonts/type1/public/amsfonts/symbols/msbm10.pfb></opt/local/share/texmf-texlive/fonts/type1/public/cm-super/sfrm1095.pfb></opt/local/share/texmf-texlive/fonts/type1/public/cm-super/sfrm1200.pfb></opt/local/share/texmf-texlive/fonts/type1/public/cm-super/sftt1200.pfb>
Output written on phyml-manual.pdf (85 pages, 545710 bytes).
PDF statistics:
 1241 PDF objects out of 1440 (max. 8388607)
 1098 compressed objects within 11 object streams
 243 named destinations out of 1000 (max. 500000)
 582 words of extra memory for PDF output out of 10000 (max. 10000000)

